\BOOKMARK [1][-]{section.1}{Introduction}{}% 1
\BOOKMARK [1][-]{section.2}{The survey}{}% 2
\BOOKMARK [2][-]{subsection.2.1}{Presentation of the survey}{section.2}% 3
\BOOKMARK [2][-]{subsection.2.2}{Eliciting attitudes}{section.2}% 4
\BOOKMARK [1][-]{section.3}{Attitudes over Climate Change}{}% 5
\BOOKMARK [2][-]{subsection.3.1}{Knowledge}{section.3}% 6
\BOOKMARK [2][-]{subsection.3.2}{Perceptions}{section.3}% 7
\BOOKMARK [2][-]{subsection.3.3}{The Reaction Needed}{section.3}% 8
\BOOKMARK [1][-]{section.4}{Attitudes over Carbon Tax and Dividend}{}% 9
\BOOKMARK [2][-]{subsection.4.1}{Widespread rejection}{section.4}% 10
\BOOKMARK [2][-]{subsection.4.2}{Perceived winners and losers}{section.4}% 11
\BOOKMARK [2][-]{subsection.4.3}{Perceived pros and cons}{section.4}% 12
\BOOKMARK [2][-]{subsection.4.4}{Consumption and mobility constraints}{section.4}% 13
\BOOKMARK [1][-]{section.5}{Attitudes over Other Policies}{}% 14
\BOOKMARK [2][-]{subsection.5.1}{Preferred Revenue Recycling}{section.5}% 15
\BOOKMARK [2][-]{subsection.5.2}{Other Instruments}{section.5}% 16
\BOOKMARK [1][-]{section.6}{Determinants of Attitudes}{}% 17
\BOOKMARK [2][-]{subsection.6.1}{Attitudes over climate change}{section.6}% 18
\BOOKMARK [2][-]{subsection.6.2}{Attitudes over policies}{section.6}% 19
\BOOKMARK [1][-]{section.7}{Conclusion}{}% 20
\BOOKMARK [1][-]{section*.26}{Appendices}{}% 21
\BOOKMARK [1][-]{Appendix .1.A}{Raw data}{}% 22
\BOOKMARK [1][-]{Appendix .1.B}{Sources on GhG emissions}{}% 23
\BOOKMARK [2][-]{subsection.1.B.1}{Carbon footprints}{Appendix .1.B}% 24
\BOOKMARK [2][-]{subsection.1.B.2}{Current and target emissions}{Appendix .1.B}% 25
\BOOKMARK [1][-]{Appendix .1.C}{Details on main regressions}{}% 26
\BOOKMARK [2][-]{subsection.1.C.1}{Control variables}{Appendix .1.C}% 27
\BOOKMARK [2][-]{subsection.1.C.2}{Measures for relative preferences}{Appendix .1.C}% 28
\BOOKMARK [1][-]{Appendix .1.D}{Questionnaire}{}% 29
\BOOKMARK [1][-]{Appendix .1.E}{Who are the Yellow Vests}{}% 30
