\BOOKMARK [1][-]{section.1}{Introduction}{}% 1
\BOOKMARK [1][-]{section.2}{Survey and data}{}% 2
\BOOKMARK [2][-]{subsection.2.1}{Our survey, ``Beliefs \046 climate policies''}{section.2}% 3
\BOOKMARK [3][-]{subsubsection.2.1.1}{Survey data collection }{subsection.2.1}% 4
\BOOKMARK [3][-]{subsubsection.2.1.2}{The survey }{subsection.2.1}% 5
\BOOKMARK [3][-]{subsubsection.2.1.3}{Ensuring data quality}{subsection.2.1}% 6
\BOOKMARK [3][-]{subsubsection.2.1.4}{Notations}{subsection.2.1}% 7
\BOOKMARK [2][-]{subsection.2.2}{Official households surveys}{section.2}% 8
\BOOKMARK [3][-]{subsubsection.2.2.1}{Eliciting objective aggregates and distributions }{subsection.2.2}% 9
\BOOKMARK [3][-]{subsubsection.2.2.2}{Computing households' expected net gains}{subsection.2.2}% 10
\BOOKMARK [1][-]{section.3}{Biased beliefs}{}% 11
\BOOKMARK [2][-]{subsection.3.1}{Self-interest}{section.3}% 12
\BOOKMARK [2][-]{subsection.3.2}{Environmental effectiveness}{section.3}% 13
\BOOKMARK [2][-]{subsection.3.3}{Progressivity}{section.3}% 14
\BOOKMARK [1][-]{section.4}{How attitudes shape beliefs }{}% 15
\BOOKMARK [2][-]{subsection.4.1}{Self-interest}{section.4}% 16
\BOOKMARK [2][-]{subsection.4.2}{Environmental effectiveness}{section.4}% 17
\BOOKMARK [2][-]{subsection.4.3}{Progressivity}{section.4}% 18
\BOOKMARK [1][-]{section.5}{How beliefs determine attitudes }{}% 19
\BOOKMARK [2][-]{subsection.5.1}{Self-interest}{section.5}% 20
\BOOKMARK [2][-]{subsection.5.2}{Environmental effectiveness}{section.5}% 21
\BOOKMARK [2][-]{subsection.5.3}{Progressivity}{section.5}% 22
\BOOKMARK [2][-]{subsection.5.4}{Complementarity between motives}{section.5}% 23
\BOOKMARK [1][-]{section.6}{Conclusion}{}% 24
\BOOKMARK [1][-]{section.7}{Raw data}{}% 25
\BOOKMARK [1][-]{section.8}{Questionnaire \(For on-line publication\)}{}% 26
\BOOKMARK [1][-]{section.9}{Estimation for feedback }{}% 27
\BOOKMARK [2][-]{subsection.9.1}{Formulas to compute monetary effects of carbon tax policy }{section.9}% 28
\BOOKMARK [2][-]{subsection.9.2}{Predicting gains and losses}{section.9}% 29
\BOOKMARK [2][-]{subsection.9.3}{Distributive effects }{section.9}% 30
\BOOKMARK [1][-]{section.10}{Beliefs and persistence}{}% 31
\BOOKMARK [2][-]{subsection.10.1}{Elasticities}{section.10}% 32
\BOOKMARK [2][-]{subsection.10.2}{Self-interest }{section.10}% 33
\BOOKMARK [2][-]{subsection.10.3}{Environmental effectiveness }{section.10}% 34
\BOOKMARK [2][-]{subsection.10.4}{Progressivity }{section.10}% 35
\BOOKMARK [1][-]{section.11}{Robustness of motivated reasoning}{}% 36
\BOOKMARK [1][-]{section.12}{Estimation of acceptation motives }{}% 37
\BOOKMARK [2][-]{subsection.12.1}{Two-stage least squares: first stage results}{section.12}% 38
\BOOKMARK [2][-]{subsection.12.2}{Additional specifications }{section.12}% 39
\BOOKMARK [1][-]{section.13}{Willingness to pay}{}% 40
\BOOKMARK [1][-]{section.14}{Control variables}{}% 41
