This is pdfTeX, Version 3.14159265-2.6-1.40.20 (TeX Live 2019/W32TeX) (preloaded format=pdflatex 2019.9.6)  16 SEP 2019 15:01
entering extended mode
 restricted \write18 enabled.
 %&-line parsing enabled.
**main-stripped.tex
(./main-stripped.tex
LaTeX2e <2018-12-01>
(c:/texlive/2019/texmf-dist/tex/latex/elsarticle/elsarticle.cls
Document Class: elsarticle 2019/02/25, 3.2: Elsevier Ltd
\@bls=\dimen102
(c:/texlive/2019/texmf-dist/tex/latex/base/article.cls
Document Class: article 2018/09/03 v1.4i Standard LaTeX document class
(c:/texlive/2019/texmf-dist/tex/latex/base/size10.clo
File: size10.clo 2018/09/03 v1.4i Standard LaTeX file (size option)
)
\c@part=\count80
\c@section=\count81
\c@subsection=\count82
\c@subsubsection=\count83
\c@paragraph=\count84
\c@subparagraph=\count85
\c@figure=\count86
\c@table=\count87
\abovecaptionskip=\skip41
\belowcaptionskip=\skip42
\bibindent=\dimen103
)
(c:/texlive/2019/texmf-dist/tex/latex/graphics/graphicx.sty
Package: graphicx 2017/06/01 v1.1a Enhanced LaTeX Graphics (DPC,SPQR)

(c:/texlive/2019/texmf-dist/tex/latex/graphics/keyval.sty
Package: keyval 2014/10/28 v1.15 key=value parser (DPC)
\KV@toks@=\toks14
)
(c:/texlive/2019/texmf-dist/tex/latex/graphics/graphics.sty
Package: graphics 2017/06/25 v1.2c Standard LaTeX Graphics (DPC,SPQR)

(c:/texlive/2019/texmf-dist/tex/latex/graphics/trig.sty
Package: trig 2016/01/03 v1.10 sin cos tan (DPC)
)
(c:/texlive/2019/texmf-dist/tex/latex/graphics-cfg/graphics.cfg
File: graphics.cfg 2016/06/04 v1.11 sample graphics configuration
)
Package graphics Info: Driver file: pdftex.def on input line 99.

(c:/texlive/2019/texmf-dist/tex/latex/graphics-def/pdftex.def
File: pdftex.def 2018/01/08 v1.0l Graphics/color driver for pdftex
))
\Gin@req@height=\dimen104
\Gin@req@width=\dimen105
)
\c@tnote=\count88
\c@fnote=\count89
\c@cnote=\count90
\c@ead=\count91
\c@author=\count92
\@eadauthor=\toks15
\c@affn=\count93
\absbox=\box27
\elsarticlehighlightsbox=\box28
\elsarticlegrabsbox=\box29
\keybox=\box30
\Columnwidth=\dimen106
\space@left=\dimen107
\els@boxa=\box31
\els@boxb=\box32
\leftMargin=\dimen108
\@enLab=\toks16
\@sep=\skip43
\@@sep=\skip44

(./main-stripped.spl) (c:/texlive/2019/texmf-dist/tex/latex/natbib/natbib.sty
Package: natbib 2010/09/13 8.31b (PWD, AO)
\bibhang=\skip45
\bibsep=\skip46
LaTeX Info: Redefining \cite on input line 694.
\c@NAT@ctr=\count94
)
\splwrite=\write3
\openout3 = `main-stripped.spl'.


(c:/texlive/2019/texmf-dist/tex/latex/geometry/geometry.sty
Package: geometry 2018/04/16 v5.8 Page Geometry

(c:/texlive/2019/texmf-dist/tex/generic/oberdiek/ifpdf.sty
Package: ifpdf 2018/09/07 v3.3 Provides the ifpdf switch
)
(c:/texlive/2019/texmf-dist/tex/generic/oberdiek/ifvtex.sty
Package: ifvtex 2016/05/16 v1.6 Detect VTeX and its facilities (HO)
Package ifvtex Info: VTeX not detected.
)
(c:/texlive/2019/texmf-dist/tex/generic/ifxetex/ifxetex.sty
Package: ifxetex 2010/09/12 v0.6 Provides ifxetex conditional
)
\Gm@cnth=\count95
\Gm@cntv=\count96
\c@Gm@tempcnt=\count97
\Gm@bindingoffset=\dimen109
\Gm@wd@mp=\dimen110
\Gm@odd@mp=\dimen111
\Gm@even@mp=\dimen112
\Gm@layoutwidth=\dimen113
\Gm@layoutheight=\dimen114
\Gm@layouthoffset=\dimen115
\Gm@layoutvoffset=\dimen116
\Gm@dimlist=\toks17
)
(c:/texlive/2019/texmf-dist/tex/latex/base/fleqn.clo
File: fleqn.clo 2016/12/29 v1.2b Standard LaTeX option (flush left equations)
\mathindent=\dimen117
Applying: [2015/01/01] Make \[ robust on input line 50.
LaTeX Info: Redefining \[ on input line 51.
Already applied: [0000/00/00] Make \[ robust on input line 62.
Applying: [2015/01/01] Make \] robust on input line 74.
LaTeX Info: Redefining \] on input line 75.
Already applied: [0000/00/00] Make \] robust on input line 83.
)
\appnamewidth=\dimen118
)
(c:/texlive/2019/texmf-dist/tex/latex/base/inputenc.sty
Package: inputenc 2018/08/11 v1.3c Input encoding file
\inpenc@prehook=\toks18
\inpenc@posthook=\toks19
)
(c:/texlive/2019/texmf-dist/tex/latex/base/fontenc.sty
Package: fontenc 2018/08/11 v2.0j Standard LaTeX package

(c:/texlive/2019/texmf-dist/tex/latex/base/t1enc.def
File: t1enc.def 2018/08/11 v2.0j Standard LaTeX file
LaTeX Font Info:    Redeclaring font encoding T1 on input line 48.
))
(c:/texlive/2019/texmf-dist/tex/latex/hyperref/hyperref.sty
Package: hyperref 2019/06/12 v6.88h Hypertext links for LaTeX

(c:/texlive/2019/texmf-dist/tex/generic/oberdiek/hobsub-hyperref.sty
Package: hobsub-hyperref 2016/05/16 v1.14 Bundle oberdiek, subset hyperref (HO)


(c:/texlive/2019/texmf-dist/tex/generic/oberdiek/hobsub-generic.sty
Package: hobsub-generic 2016/05/16 v1.14 Bundle oberdiek, subset generic (HO)
Package: hobsub 2016/05/16 v1.14 Construct package bundles (HO)
Package: infwarerr 2016/05/16 v1.4 Providing info/warning/error messages (HO)
Package: ltxcmds 2016/05/16 v1.23 LaTeX kernel commands for general use (HO)
Package: ifluatex 2016/05/16 v1.4 Provides the ifluatex switch (HO)
Package ifluatex Info: LuaTeX not detected.
Package hobsub Info: Skipping package `ifvtex' (already loaded).
Package: intcalc 2016/05/16 v1.2 Expandable calculations with integers (HO)
Package hobsub Info: Skipping package `ifpdf' (already loaded).
Package: etexcmds 2016/05/16 v1.6 Avoid name clashes with e-TeX commands (HO)
Package: kvsetkeys 2016/05/16 v1.17 Key value parser (HO)
Package: kvdefinekeys 2016/05/16 v1.4 Define keys (HO)
Package: pdftexcmds 2019/07/25 v0.30 Utility functions of pdfTeX for LuaTeX (HO
)
Package pdftexcmds Info: LuaTeX not detected.
Package pdftexcmds Info: \pdf@primitive is available.
Package pdftexcmds Info: \pdf@ifprimitive is available.
Package pdftexcmds Info: \pdfdraftmode found.
Package: pdfescape 2016/05/16 v1.14 Implements pdfTeX's escape features (HO)
Package: bigintcalc 2016/05/16 v1.4 Expandable calculations on big integers (HO
)
Package: bitset 2016/05/16 v1.2 Handle bit-vector datatype (HO)
Package: uniquecounter 2016/05/16 v1.3 Provide unlimited unique counter (HO)
)
Package hobsub Info: Skipping package `hobsub' (already loaded).
Package: letltxmacro 2016/05/16 v1.5 Let assignment for LaTeX macros (HO)
Package: hopatch 2016/05/16 v1.3 Wrapper for package hooks (HO)
Package: xcolor-patch 2016/05/16 xcolor patch
Package: atveryend 2016/05/16 v1.9 Hooks at the very end of document (HO)
Package atveryend Info: \enddocument detected (standard20110627).
Package: atbegshi 2016/06/09 v1.18 At begin shipout hook (HO)
Package: refcount 2016/05/16 v3.5 Data extraction from label references (HO)
Package: hycolor 2016/05/16 v1.8 Color options for hyperref/bookmark (HO)
)
(c:/texlive/2019/texmf-dist/tex/latex/oberdiek/auxhook.sty
Package: auxhook 2016/05/16 v1.4 Hooks for auxiliary files (HO)
)
(c:/texlive/2019/texmf-dist/tex/latex/oberdiek/kvoptions.sty
Package: kvoptions 2016/05/16 v3.12 Key value format for package options (HO)
)
\@linkdim=\dimen119
\Hy@linkcounter=\count98
\Hy@pagecounter=\count99

(c:/texlive/2019/texmf-dist/tex/latex/hyperref/pd1enc.def
File: pd1enc.def 2019/06/12 v6.88h Hyperref: PDFDocEncoding definition (HO)
Now handling font encoding PD1 ...
... no UTF-8 mapping file for font encoding PD1
)
\Hy@SavedSpaceFactor=\count100

(c:/texlive/2019/texmf-dist/tex/latex/latexconfig/hyperref.cfg
File: hyperref.cfg 2002/06/06 v1.2 hyperref configuration of TeXLive
)
Package hyperref Info: Hyper figures OFF on input line 4550.
Package hyperref Info: Link nesting OFF on input line 4555.
Package hyperref Info: Hyper index ON on input line 4558.
Package hyperref Info: Plain pages OFF on input line 4565.
Package hyperref Info: Backreferencing OFF on input line 4570.
Package hyperref Info: Implicit mode ON; LaTeX internals redefined.
Package hyperref Info: Bookmarks ON on input line 4803.
\c@Hy@tempcnt=\count101

(c:/texlive/2019/texmf-dist/tex/latex/url/url.sty
\Urlmuskip=\muskip10
Package: url 2013/09/16  ver 3.4  Verb mode for urls, etc.
)
LaTeX Info: Redefining \url on input line 5156.
\XeTeXLinkMargin=\dimen120
\Fld@menulength=\count102
\Field@Width=\dimen121
\Fld@charsize=\dimen122
Package hyperref Info: Hyper figures OFF on input line 6411.
Package hyperref Info: Link nesting OFF on input line 6416.
Package hyperref Info: Hyper index ON on input line 6419.
Package hyperref Info: backreferencing OFF on input line 6426.
Package hyperref Info: Link coloring OFF on input line 6431.
Package hyperref Info: Link coloring with OCG OFF on input line 6436.
Package hyperref Info: PDF/A mode OFF on input line 6441.
LaTeX Info: Redefining \ref on input line 6481.
LaTeX Info: Redefining \pageref on input line 6485.
\Hy@abspage=\count103
\c@Item=\count104
\c@Hfootnote=\count105
)
Package hyperref Info: Driver (autodetected): hpdftex.

(c:/texlive/2019/texmf-dist/tex/latex/hyperref/hpdftex.def
File: hpdftex.def 2019/06/12 v6.88h Hyperref driver for pdfTeX
\Fld@listcount=\count106
\c@bookmark@seq@number=\count107

(c:/texlive/2019/texmf-dist/tex/latex/oberdiek/rerunfilecheck.sty
Package: rerunfilecheck 2016/05/16 v1.8 Rerun checks for auxiliary files (HO)
Package uniquecounter Info: New unique counter `rerunfilecheck' on input line 2
82.
)
\Hy@SectionHShift=\skip47
)
(c:/texlive/2019/texmf-dist/tex/latex/base/textcomp.sty
Package: textcomp 2018/08/11 v2.0j Standard LaTeX package
Package textcomp Info: Sub-encoding information:
(textcomp)               5 = only ISO-Adobe without \textcurrency
(textcomp)               4 = 5 + \texteuro
(textcomp)               3 = 4 + \textohm
(textcomp)               2 = 3 + \textestimated + \textcurrency
(textcomp)               1 = TS1 - \textcircled - \t
(textcomp)               0 = TS1 (full)
(textcomp)             Font families with sub-encoding setting implement
(textcomp)             only a restricted character set as indicated.
(textcomp)             Family '?' is the default used for unknown fonts.
(textcomp)             See the documentation for details.
Package textcomp Info: Setting ? sub-encoding to TS1/1 on input line 79.

(c:/texlive/2019/texmf-dist/tex/latex/base/ts1enc.def
File: ts1enc.def 2001/06/05 v3.0e (jk/car/fm) Standard LaTeX file
Now handling font encoding TS1 ...
... processing UTF-8 mapping file for font encoding TS1

(c:/texlive/2019/texmf-dist/tex/latex/base/ts1enc.dfu
File: ts1enc.dfu 2018/10/05 v1.2f UTF-8 support for inputenc
   defining Unicode char U+00A2 (decimal 162)
   defining Unicode char U+00A3 (decimal 163)
   defining Unicode char U+00A4 (decimal 164)
   defining Unicode char U+00A5 (decimal 165)
   defining Unicode char U+00A6 (decimal 166)
   defining Unicode char U+00A7 (decimal 167)
   defining Unicode char U+00A8 (decimal 168)
   defining Unicode char U+00A9 (decimal 169)
   defining Unicode char U+00AA (decimal 170)
   defining Unicode char U+00AC (decimal 172)
   defining Unicode char U+00AE (decimal 174)
   defining Unicode char U+00AF (decimal 175)
   defining Unicode char U+00B0 (decimal 176)
   defining Unicode char U+00B1 (decimal 177)
   defining Unicode char U+00B2 (decimal 178)
   defining Unicode char U+00B3 (decimal 179)
   defining Unicode char U+00B4 (decimal 180)
   defining Unicode char U+00B5 (decimal 181)
   defining Unicode char U+00B6 (decimal 182)
   defining Unicode char U+00B7 (decimal 183)
   defining Unicode char U+00B9 (decimal 185)
   defining Unicode char U+00BA (decimal 186)
   defining Unicode char U+00BC (decimal 188)
   defining Unicode char U+00BD (decimal 189)
   defining Unicode char U+00BE (decimal 190)
   defining Unicode char U+00D7 (decimal 215)
   defining Unicode char U+00F7 (decimal 247)
   defining Unicode char U+0192 (decimal 402)
   defining Unicode char U+02C7 (decimal 711)
   defining Unicode char U+02D8 (decimal 728)
   defining Unicode char U+02DD (decimal 733)
   defining Unicode char U+0E3F (decimal 3647)
   defining Unicode char U+2016 (decimal 8214)
   defining Unicode char U+2020 (decimal 8224)
   defining Unicode char U+2021 (decimal 8225)
   defining Unicode char U+2022 (decimal 8226)
   defining Unicode char U+2030 (decimal 8240)
   defining Unicode char U+2031 (decimal 8241)
   defining Unicode char U+203B (decimal 8251)
   defining Unicode char U+203D (decimal 8253)
   defining Unicode char U+2044 (decimal 8260)
   defining Unicode char U+204E (decimal 8270)
   defining Unicode char U+2052 (decimal 8274)
   defining Unicode char U+20A1 (decimal 8353)
   defining Unicode char U+20A4 (decimal 8356)
   defining Unicode char U+20A6 (decimal 8358)
   defining Unicode char U+20A9 (decimal 8361)
   defining Unicode char U+20AB (decimal 8363)
   defining Unicode char U+20AC (decimal 8364)
   defining Unicode char U+20B1 (decimal 8369)
   defining Unicode char U+2103 (decimal 8451)
   defining Unicode char U+2116 (decimal 8470)
   defining Unicode char U+2117 (decimal 8471)
   defining Unicode char U+211E (decimal 8478)
   defining Unicode char U+2120 (decimal 8480)
   defining Unicode char U+2122 (decimal 8482)
   defining Unicode char U+2126 (decimal 8486)
   defining Unicode char U+2127 (decimal 8487)
   defining Unicode char U+212E (decimal 8494)
   defining Unicode char U+2190 (decimal 8592)
   defining Unicode char U+2191 (decimal 8593)
   defining Unicode char U+2192 (decimal 8594)
   defining Unicode char U+2193 (decimal 8595)
   defining Unicode char U+2329 (decimal 9001)
   defining Unicode char U+232A (decimal 9002)
   defining Unicode char U+2422 (decimal 9250)
   defining Unicode char U+25E6 (decimal 9702)
   defining Unicode char U+25EF (decimal 9711)
   defining Unicode char U+266A (decimal 9834)
   defining Unicode char U+FEFF (decimal 65279)
))
LaTeX Info: Redefining \oldstylenums on input line 334.
Package textcomp Info: Setting cmr sub-encoding to TS1/0 on input line 349.
Package textcomp Info: Setting cmss sub-encoding to TS1/0 on input line 350.
Package textcomp Info: Setting cmtt sub-encoding to TS1/0 on input line 351.
Package textcomp Info: Setting cmvtt sub-encoding to TS1/0 on input line 352.
Package textcomp Info: Setting cmbr sub-encoding to TS1/0 on input line 353.
Package textcomp Info: Setting cmtl sub-encoding to TS1/0 on input line 354.
Package textcomp Info: Setting ccr sub-encoding to TS1/0 on input line 355.
Package textcomp Info: Setting ptm sub-encoding to TS1/4 on input line 356.
Package textcomp Info: Setting pcr sub-encoding to TS1/4 on input line 357.
Package textcomp Info: Setting phv sub-encoding to TS1/4 on input line 358.
Package textcomp Info: Setting ppl sub-encoding to TS1/3 on input line 359.
Package textcomp Info: Setting pag sub-encoding to TS1/4 on input line 360.
Package textcomp Info: Setting pbk sub-encoding to TS1/4 on input line 361.
Package textcomp Info: Setting pnc sub-encoding to TS1/4 on input line 362.
Package textcomp Info: Setting pzc sub-encoding to TS1/4 on input line 363.
Package textcomp Info: Setting bch sub-encoding to TS1/4 on input line 364.
Package textcomp Info: Setting put sub-encoding to TS1/5 on input line 365.
Package textcomp Info: Setting uag sub-encoding to TS1/5 on input line 366.
Package textcomp Info: Setting ugq sub-encoding to TS1/5 on input line 367.
Package textcomp Info: Setting ul8 sub-encoding to TS1/4 on input line 368.
Package textcomp Info: Setting ul9 sub-encoding to TS1/4 on input line 369.
Package textcomp Info: Setting augie sub-encoding to TS1/5 on input line 370.
Package textcomp Info: Setting dayrom sub-encoding to TS1/3 on input line 371.
Package textcomp Info: Setting dayroms sub-encoding to TS1/3 on input line 372.

Package textcomp Info: Setting pxr sub-encoding to TS1/0 on input line 373.
Package textcomp Info: Setting pxss sub-encoding to TS1/0 on input line 374.
Package textcomp Info: Setting pxtt sub-encoding to TS1/0 on input line 375.
Package textcomp Info: Setting txr sub-encoding to TS1/0 on input line 376.
Package textcomp Info: Setting txss sub-encoding to TS1/0 on input line 377.
Package textcomp Info: Setting txtt sub-encoding to TS1/0 on input line 378.
Package textcomp Info: Setting lmr sub-encoding to TS1/0 on input line 379.
Package textcomp Info: Setting lmdh sub-encoding to TS1/0 on input line 380.
Package textcomp Info: Setting lmss sub-encoding to TS1/0 on input line 381.
Package textcomp Info: Setting lmssq sub-encoding to TS1/0 on input line 382.
Package textcomp Info: Setting lmvtt sub-encoding to TS1/0 on input line 383.
Package textcomp Info: Setting lmtt sub-encoding to TS1/0 on input line 384.
Package textcomp Info: Setting qhv sub-encoding to TS1/0 on input line 385.
Package textcomp Info: Setting qag sub-encoding to TS1/0 on input line 386.
Package textcomp Info: Setting qbk sub-encoding to TS1/0 on input line 387.
Package textcomp Info: Setting qcr sub-encoding to TS1/0 on input line 388.
Package textcomp Info: Setting qcs sub-encoding to TS1/0 on input line 389.
Package textcomp Info: Setting qpl sub-encoding to TS1/0 on input line 390.
Package textcomp Info: Setting qtm sub-encoding to TS1/0 on input line 391.
Package textcomp Info: Setting qzc sub-encoding to TS1/0 on input line 392.
Package textcomp Info: Setting qhvc sub-encoding to TS1/0 on input line 393.
Package textcomp Info: Setting futs sub-encoding to TS1/4 on input line 394.
Package textcomp Info: Setting futx sub-encoding to TS1/4 on input line 395.
Package textcomp Info: Setting futj sub-encoding to TS1/4 on input line 396.
Package textcomp Info: Setting hlh sub-encoding to TS1/3 on input line 397.
Package textcomp Info: Setting hls sub-encoding to TS1/3 on input line 398.
Package textcomp Info: Setting hlst sub-encoding to TS1/3 on input line 399.
Package textcomp Info: Setting hlct sub-encoding to TS1/5 on input line 400.
Package textcomp Info: Setting hlx sub-encoding to TS1/5 on input line 401.
Package textcomp Info: Setting hlce sub-encoding to TS1/5 on input line 402.
Package textcomp Info: Setting hlcn sub-encoding to TS1/5 on input line 403.
Package textcomp Info: Setting hlcw sub-encoding to TS1/5 on input line 404.
Package textcomp Info: Setting hlcf sub-encoding to TS1/5 on input line 405.
Package textcomp Info: Setting pplx sub-encoding to TS1/3 on input line 406.
Package textcomp Info: Setting pplj sub-encoding to TS1/3 on input line 407.
Package textcomp Info: Setting ptmx sub-encoding to TS1/4 on input line 408.
Package textcomp Info: Setting ptmj sub-encoding to TS1/4 on input line 409.
)
(c:/texlive/2019/texmf-dist/tex/latex/caption/subcaption.sty
Package: subcaption 2019/09/01 v1.3a Sub-captions (AR)

(c:/texlive/2019/texmf-dist/tex/latex/caption/caption.sty
Package: caption 2019/09/01 v3.3d Customizing captions (AR)

(c:/texlive/2019/texmf-dist/tex/latex/caption/caption3.sty
Package: caption3 2019/09/01 v1.8d caption3 kernel (AR)
Package caption3 Info: TeX engine: e-TeX on input line 64.
\captionmargin=\dimen123
\captionmargin@=\dimen124
\captionwidth=\dimen125
\caption@tempdima=\dimen126
\caption@indent=\dimen127
\caption@parindent=\dimen128
\caption@hangindent=\dimen129
)
\c@caption@flags=\count108
\c@ContinuedFloat=\count109
Package caption Info: hyperref package is loaded.
)
\c@subfigure=\count110
\c@subtable=\count111
)
(c:/texlive/2019/texmf-dist/tex/latex/fancybox/fancybox.sty
Package: fancybox 2010/05/15 1.4

Style option: `fancybox' v1.4 <2010/05/15> (tvz)
\@fancybox=\box33
\shadowsize=\dimen130
\@Sbox=\box34
\do@VerbBox=\toks20
\the@fancyput=\toks21
\this@fancyput=\toks22
\EndVerbatimTokens=\toks23
\Verbatim@Outfile=\write4
\Verbatim@Infile=\read1
) (c:/texlive/2019/texmf-dist/tex/latex/xcolor/xcolor.sty
Package: xcolor 2016/05/11 v2.12 LaTeX color extensions (UK)

(c:/texlive/2019/texmf-dist/tex/latex/graphics-cfg/color.cfg
File: color.cfg 2016/01/02 v1.6 sample color configuration
)
Package xcolor Info: Driver file: pdftex.def on input line 225.
Package xcolor Info: Model `cmy' substituted by `cmy0' on input line 1348.
Package xcolor Info: Model `hsb' substituted by `rgb' on input line 1352.
Package xcolor Info: Model `RGB' extended on input line 1364.
Package xcolor Info: Model `HTML' substituted by `rgb' on input line 1366.
Package xcolor Info: Model `Hsb' substituted by `hsb' on input line 1367.
Package xcolor Info: Model `tHsb' substituted by `hsb' on input line 1368.
Package xcolor Info: Model `HSB' substituted by `hsb' on input line 1369.
Package xcolor Info: Model `Gray' substituted by `gray' on input line 1370.
Package xcolor Info: Model `wave' substituted by `hsb' on input line 1371.
)
(c:/texlive/2019/texmf-dist/tex/latex/base/makeidx.sty
Package: makeidx 2014/09/29 v1.0m Standard LaTeX package
)
(c:/texlive/2019/texmf-dist/tex/latex/float/float.sty
Package: float 2001/11/08 v1.3d Float enhancements (AL)
\c@float@type=\count112
\float@exts=\toks24
\float@box=\box35
\@float@everytoks=\toks25
\@floatcapt=\box36
)
(c:/texlive/2019/texmf-dist/tex/latex/amsmath/amsmath.sty
Package: amsmath 2018/12/01 v2.17b AMS math features
\@mathmargin=\skip48

For additional information on amsmath, use the `?' option.
(c:/texlive/2019/texmf-dist/tex/latex/amsmath/amstext.sty
Package: amstext 2000/06/29 v2.01 AMS text

(c:/texlive/2019/texmf-dist/tex/latex/amsmath/amsgen.sty
File: amsgen.sty 1999/11/30 v2.0 generic functions
\@emptytoks=\toks26
\ex@=\dimen131
))
(c:/texlive/2019/texmf-dist/tex/latex/amsmath/amsbsy.sty
Package: amsbsy 1999/11/29 v1.2d Bold Symbols
\pmbraise@=\dimen132
)
(c:/texlive/2019/texmf-dist/tex/latex/amsmath/amsopn.sty
Package: amsopn 2016/03/08 v2.02 operator names
)
\inf@bad=\count113
LaTeX Info: Redefining \frac on input line 223.
\uproot@=\count114
\leftroot@=\count115
LaTeX Info: Redefining \overline on input line 385.
\classnum@=\count116
\DOTSCASE@=\count117
LaTeX Info: Redefining \ldots on input line 482.
LaTeX Info: Redefining \dots on input line 485.
LaTeX Info: Redefining \cdots on input line 606.
\Mathstrutbox@=\box37
\strutbox@=\box38
\big@size=\dimen133
LaTeX Font Info:    Redeclaring font encoding OML on input line 729.
LaTeX Font Info:    Redeclaring font encoding OMS on input line 730.
\macc@depth=\count118
\c@MaxMatrixCols=\count119
\dotsspace@=\muskip11
\c@parentequation=\count120
\dspbrk@lvl=\count121
\tag@help=\toks27
\row@=\count122
\column@=\count123
\maxfields@=\count124
\andhelp@=\toks28
\eqnshift@=\dimen134
\alignsep@=\dimen135
\tagshift@=\dimen136
\tagwidth@=\dimen137
\totwidth@=\dimen138
\lineht@=\dimen139
\@envbody=\toks29
\multlinegap=\skip49
\multlinetaggap=\skip50
\mathdisplay@stack=\toks30
LaTeX Info: Redefining \[ on input line 2844.
LaTeX Info: Redefining \] on input line 2845.
)
(c:/texlive/2019/texmf-dist/tex/latex/amsfonts/amssymb.sty
Package: amssymb 2013/01/14 v3.01 AMS font symbols

(c:/texlive/2019/texmf-dist/tex/latex/amsfonts/amsfonts.sty
Package: amsfonts 2013/01/14 v3.01 Basic AMSFonts support
\symAMSa=\mathgroup4
\symAMSb=\mathgroup5
LaTeX Font Info:    Overwriting math alphabet `\mathfrak' in version `bold'
(Font)                  U/euf/m/n --> U/euf/b/n on input line 106.
))
(c:/texlive/2019/texmf-dist/tex/latex/eurosym/eurosym.sty
Package: eurosym 1998/08/06 v1.1 European currency symbol ``Euro''
\@eurobox=\box39
)
(c:/texlive/2019/texmf-dist/tex/latex/setspace/setspace.sty
Package: setspace 2011/12/19 v6.7a set line spacing
)
(c:/texlive/2019/texmf-dist/tex/latex/enumitem/enumitem.sty
Package: enumitem 2019/06/20 v3.9 Customized lists
\labelindent=\skip51
\enit@outerparindent=\dimen140
\enit@toks=\toks31
\enit@inbox=\box40
\enit@count@id=\count125
\enitdp@description=\count126
)
(c:/texlive/2019/texmf-dist/tex/latex/doublestroke/dsfont.sty
Package: dsfont 1995/08/01 v0.1 Double stroke roman fonts
)
(c:/texlive/2019/texmf-dist/tex/generic/ulem/ulem.sty
\UL@box=\box41
\UL@hyphenbox=\box42
\UL@skip=\skip52
\UL@hook=\toks32
\UL@height=\dimen141
\UL@pe=\count127
\UL@pixel=\dimen142
\ULC@box=\box43
Package: ulem 2012/05/18
\ULdepth=\dimen143
)
(c:/texlive/2019/texmf-dist/tex/latex/appendix/appendix.sty
Package: appendix 2009/09/02 v1.2b extra appendix facilities
\c@@pps=\count128
\c@@ppsavesec=\count129
\c@@ppsaveapp=\count130
)
(c:/texlive/2019/texmf-dist/tex/latex/tools/array.sty
Package: array 2018/12/30 v2.4k Tabular extension package (FMi)
\col@sep=\dimen144
\ar@mcellbox=\box44
\extrarowheight=\dimen145
\NC@list=\toks33
\extratabsurround=\skip53
\backup@length=\skip54
\ar@cellbox=\box45
)
(c:/texlive/2019/texmf-dist/tex/latex/multirow/multirow.sty
Package: multirow 2019/05/31 v2.5 Span multiple rows of a table
\multirow@colwidth=\skip55
\multirow@cntb=\count131
\multirow@dima=\skip56
\bigstrutjot=\dimen146
)
(c:/texlive/2019/texmf-dist/tex/latex/makecell/makecell.sty
Package: makecell 2009/08/03 V0.1e Managing of Tab Column Heads and Cells
\rotheadsize=\dimen147
\c@nlinenum=\count132
\TeXr@lab=\toks34
)
(c:/texlive/2019/texmf-dist/tex/latex/lineno/lineno.sty
Package: lineno 2005/11/02 line numbers on paragraphs v4.41
\linenopenalty=\count133
\output=\toks35
\linenoprevgraf=\count134
\linenumbersep=\dimen148
\linenumberwidth=\dimen149
\c@linenumber=\count135
\c@pagewiselinenumber=\count136
\c@LN@truepage=\count137
\c@internallinenumber=\count138
\c@internallinenumbers=\count139
\quotelinenumbersep=\dimen150
\bframerule=\dimen151
\bframesep=\dimen152
\bframebox=\box46
LaTeX Info: Redefining \\ on input line 3056.
)
(c:/texlive/2019/texmf-dist/tex/latex/fancyhdr/fancyhdr.sty
Package: fancyhdr 2019/01/31 v3.10 Extensive control of page headers and footer
s
\f@nch@headwidth=\skip57
\f@nch@O@elh=\skip58
\f@nch@O@erh=\skip59
\f@nch@O@olh=\skip60
\f@nch@O@orh=\skip61
\f@nch@O@elf=\skip62
\f@nch@O@erf=\skip63
\f@nch@O@olf=\skip64
\f@nch@O@orf=\skip65
)
Package hyperref Info: Option `colorlinks' set `true' on input line 47.

(c:/texlive/2019/texmf-dist/tex/latex/sttools/cuted.sty
Package: cuted 2012/10/04 v1.5 Mixing onecolumn and twocolumn modes
\At@ViperColsBreak=\toks36
\v@aaa=\box47
\v@ccc=\box48
\lastskip@a=\skip66
\lastskip@b=\skip67
\lastskip@d=\skip68
\lastbox@a=\box49
\stripsep=\skip69
\@viper=\box50
\viper@penalty=\count140
\hold@viper=\box51
\ht@viper=\dimen153
) (./main-stripped.aux)
\openout1 = `main-stripped.aux'.

LaTeX Font Info:    Checking defaults for OML/cmm/m/it on input line 61.
LaTeX Font Info:    ... okay on input line 61.
LaTeX Font Info:    Checking defaults for T1/cmr/m/n on input line 61.
LaTeX Font Info:    ... okay on input line 61.
LaTeX Font Info:    Checking defaults for OT1/cmr/m/n on input line 61.
LaTeX Font Info:    ... okay on input line 61.
LaTeX Font Info:    Checking defaults for OMS/cmsy/m/n on input line 61.
LaTeX Font Info:    ... okay on input line 61.
LaTeX Font Info:    Checking defaults for OMX/cmex/m/n on input line 61.
LaTeX Font Info:    ... okay on input line 61.
LaTeX Font Info:    Checking defaults for U/cmr/m/n on input line 61.
LaTeX Font Info:    ... okay on input line 61.
LaTeX Font Info:    Checking defaults for PD1/pdf/m/n on input line 61.
LaTeX Font Info:    ... okay on input line 61.
LaTeX Font Info:    Checking defaults for TS1/cmr/m/n on input line 61.
LaTeX Font Info:    Try loading font information for TS1+cmr on input line 61.

(c:/texlive/2019/texmf-dist/tex/latex/base/ts1cmr.fd
File: ts1cmr.fd 2014/09/29 v2.5h Standard LaTeX font definitions
)
LaTeX Font Info:    ... okay on input line 61.

(c:/texlive/2019/texmf-dist/tex/context/base/mkii/supp-pdf.mkii
[Loading MPS to PDF converter (version 2006.09.02).]
\scratchcounter=\count141
\scratchdimen=\dimen154
\scratchbox=\box52
\nofMPsegments=\count142
\nofMParguments=\count143
\everyMPshowfont=\toks37
\MPscratchCnt=\count144
\MPscratchDim=\dimen155
\MPnumerator=\count145
\makeMPintoPDFobject=\count146
\everyMPtoPDFconversion=\toks38
) (c:/texlive/2019/texmf-dist/tex/latex/oberdiek/epstopdf-base.sty
Package: epstopdf-base 2016/05/15 v2.6 Base part for package epstopdf

(c:/texlive/2019/texmf-dist/tex/latex/oberdiek/grfext.sty
Package: grfext 2016/05/16 v1.2 Manage graphics extensions (HO)
)
Package epstopdf-base Info: Redefining graphics rule for `.eps' on input line 4
38.
Package grfext Info: Graphics extension search list:
(grfext)             [.pdf,.png,.jpg,.mps,.jpeg,.jbig2,.jb2,.PDF,.PNG,.JPG,.JPE
G,.JBIG2,.JB2,.eps]
(grfext)             \AppendGraphicsExtensions on input line 456.

(c:/texlive/2019/texmf-dist/tex/latex/latexconfig/epstopdf-sys.cfg
File: epstopdf-sys.cfg 2010/07/13 v1.3 Configuration of (r)epstopdf for TeX Liv
e
))
*geometry* driver: auto-detecting
*geometry* detected driver: pdftex
*geometry* verbose mode - [ preamble ] result:
* driver: pdftex
* paper: custom
* layout: <same size as paper>
* layoutoffset:(h,v)=(0.0pt,0.0pt)
* hratio: 1:1
* vratio: 1:1
* modes: 
* h-part:(L,W,R)=(37.75394pt, 522.0pt, 37.75394pt)
* v-part:(T,H,B)=(81.52342pt, 682.0pt, 81.52342pt)
* \paperwidth=597.50787pt
* \paperheight=845.04684pt
* \textwidth=522.0pt
* \textheight=682.0pt
* \oddsidemargin=-34.51605pt
* \evensidemargin=-34.51605pt
* \topmargin=-52.74657pt
* \headheight=50.0pt
* \headsep=12.0pt
* \topskip=10.0pt
* \footskip=18.0pt
* \marginparwidth=65.0pt
* \marginparsep=11.0pt
* \columnsep=18.0pt
* \skip\footins=24.0pt plus 2.0pt minus 12.0pt
* \hoffset=0.0pt
* \voffset=0.0pt
* \mag=1000
* \@twocolumntrue
* \@twosidefalse
* \@mparswitchfalse
* \@reversemarginfalse
* (1in=72.27pt=25.4mm, 1cm=28.453pt)

\AtBeginShipoutBox=\box53
Package hyperref Info: Link coloring ON on input line 61.
(c:/texlive/2019/texmf-dist/tex/latex/hyperref/nameref.sty
Package: nameref 2016/05/21 v2.44 Cross-referencing by name of section

(c:/texlive/2019/texmf-dist/tex/generic/oberdiek/gettitlestring.sty
Package: gettitlestring 2016/05/16 v1.5 Cleanup title references (HO)
)
\c@section@level=\count147
)
LaTeX Info: Redefining \ref on input line 61.
LaTeX Info: Redefining \pageref on input line 61.
LaTeX Info: Redefining \nameref on input line 61.

(./main-stripped.out) (./main-stripped.out)
\@outlinefile=\write5
\openout5 = `main-stripped.out'.

Package caption Info: Begin \AtBeginDocument code.
Package caption Info: float package is loaded.
Package caption Info: End \AtBeginDocument code.
LaTeX Font Info:    Try loading font information for U+msa on input line 178.

(c:/texlive/2019/texmf-dist/tex/latex/amsfonts/umsa.fd
File: umsa.fd 2013/01/14 v3.01 AMS symbols A
)
LaTeX Font Info:    Try loading font information for U+msb on input line 178.

(c:/texlive/2019/texmf-dist/tex/latex/amsfonts/umsb.fd
File: umsb.fd 2013/01/14 v3.01 AMS symbols B
)
LaTeX Font Info:    Try loading font information for T1+cmtt on input line 178.


(c:/texlive/2019/texmf-dist/tex/latex/base/t1cmtt.fd
File: t1cmtt.fd 2014/09/29 v2.5h Standard LaTeX font definitions
)
Underfull \hbox (badness 10000) has occurred while \output is active
$[]$
 []


Package hyperref Warning: Token not allowed in a PDF string (PDFDocEncoding):
(hyperref)                removing `\<def>-command' on input line 256.


Package hyperref Warning: Token not allowed in a PDF string (PDFDocEncoding):
(hyperref)                removing `\cnotenum' on input line 256.


Package hyperref Warning: Token not allowed in a PDF string (PDFDocEncoding):
(hyperref)                removing `\<def>-command' on input line 256.


Package hyperref Warning: Token not allowed in a PDF string (PDFDocEncoding):
(hyperref)                removing `\@corref' on input line 256.

[1{c:/texlive/2019/texmf-var/fonts/map/pdftex/updmap/pdftex.map}


]
Package epstopdf Info: Source file: <Images_EPS/diagram_survey_attitudes.eps>
(epstopdf)                    date: 2019-09-16 12:53:23
(epstopdf)                    size: 267760 bytes
(epstopdf)             Output file: <Images_EPS/diagram_survey_attitudes-eps-co
nverted-to.pdf>
(epstopdf)                    date: 2019-09-16 14:59:56
(epstopdf)                    size: 24900 bytes
(epstopdf)             Command: <repstopdf --outfile=Images_EPS/diagram_survey_
attitudes-eps-converted-to.pdf Images_EPS/diagram_survey_attitudes.eps>
(epstopdf)             \includegraphics on input line 300.
Package epstopdf Info: Output file is already uptodate.
<Images_EPS/diagram_survey_attitudes-eps-converted-to.pdf, id=215, 592.2125pt x
 301.125pt>
File: Images_EPS/diagram_survey_attitudes-eps-converted-to.pdf Graphic file (ty
pe pdf)
<use Images_EPS/diagram_survey_attitudes-eps-converted-to.pdf>
Package pdftex.def Info: Images_EPS/diagram_survey_attitudes-eps-converted-to.p
df  used on input line 300.
(pdftex.def)             Requested size: 252.0pt x 128.13495pt.
 [2]
Package epstopdf Info: Source file: <Images_EPS/CC_cause_nolegend2.eps>
(epstopdf)                    date: 2019-09-16 12:53:22
(epstopdf)                    size: 26979 bytes
(epstopdf)             Output file: <Images_EPS/CC_cause_nolegend2-eps-converte
d-to.pdf>
(epstopdf)                    date: 2019-09-16 14:59:58
(epstopdf)                    size: 25683 bytes
(epstopdf)             Command: <repstopdf --outfile=Images_EPS/CC_cause_nolege
nd2-eps-converted-to.pdf Images_EPS/CC_cause_nolegend2.eps>
(epstopdf)             \includegraphics on input line 321.
Package epstopdf Info: Output file is already uptodate.
<Images_EPS/CC_cause_nolegend2-eps-converted-to.pdf, id=262, 513.92pt x 62.2325
pt>
File: Images_EPS/CC_cause_nolegend2-eps-converted-to.pdf Graphic file (type pdf
)
<use Images_EPS/CC_cause_nolegend2-eps-converted-to.pdf>
Package pdftex.def Info: Images_EPS/CC_cause_nolegend2-eps-converted-to.pdf  us
ed on input line 321.
(pdftex.def)             Requested size: 252.0pt x 30.51602pt.
Package epstopdf Info: Source file: <Images_EPS/CC_knowledge_valbtr.eps>
(epstopdf)                    date: 2019-09-16 12:53:22
(epstopdf)                    size: 148557 bytes
(epstopdf)             Output file: <Images_EPS/CC_knowledge_valbtr-eps-convert
ed-to.pdf>
(epstopdf)                    date: 2019-09-16 15:00:00
(epstopdf)                    size: 12066 bytes
(epstopdf)             Command: <repstopdf --outfile=Images_EPS/CC_knowledge_va
lbtr-eps-converted-to.pdf Images_EPS/CC_knowledge_valbtr.eps>
(epstopdf)             \includegraphics on input line 328.
Package epstopdf Info: Output file is already uptodate.
<Images_EPS/CC_knowledge_valbtr-eps-converted-to.pdf, id=263, 420.57124pt x 184
.69pt>
File: Images_EPS/CC_knowledge_valbtr-eps-converted-to.pdf Graphic file (type pd
f)
<use Images_EPS/CC_knowledge_valbtr-eps-converted-to.pdf>
Package pdftex.def Info: Images_EPS/CC_knowledge_valbtr-eps-converted-to.pdf  u
sed on input line 328.
(pdftex.def)             Requested size: 252.0pt x 110.66548pt.
 [3 <./Images_EPS/diagram_survey_attitudes-eps-converted-to.pdf> <./Images_EPS/
CC_cause_nolegend2-eps-converted-to.pdf>]
Package epstopdf Info: Source file: <Images_EPS/CC_target_emission_nolegend.eps
>
(epstopdf)                    date: 2019-09-16 12:53:22
(epstopdf)                    size: 98504 bytes
(epstopdf)             Output file: <Images_EPS/CC_target_emission_nolegend-eps
-converted-to.pdf>
(epstopdf)                    date: 2019-09-16 15:00:03
(epstopdf)                    size: 9545 bytes
(epstopdf)             Command: <repstopdf --outfile=Images_EPS/CC_target_emiss
ion_nolegend-eps-converted-to.pdf Images_EPS/CC_target_emission_nolegend.eps>
(epstopdf)             \includegraphics on input line 345.
Package epstopdf Info: Output file is already uptodate.
<Images_EPS/CC_target_emission_nolegend-eps-converted-to.pdf, id=295, 545.03625
pt x 94.3525pt>
File: Images_EPS/CC_target_emission_nolegend-eps-converted-to.pdf Graphic file 
(type pdf)
<use Images_EPS/CC_target_emission_nolegend-eps-converted-to.pdf>
Package pdftex.def Info: Images_EPS/CC_target_emission_nolegend-eps-converted-t
o.pdf  used on input line 345.
(pdftex.def)             Requested size: 252.0pt x 43.62437pt.
Package epstopdf Info: Source file: <Images_EPS/CC_responsiblec.eps>
(epstopdf)                    date: 2019-09-16 12:53:22
(epstopdf)                    size: 90839 bytes
(epstopdf)             Output file: <Images_EPS/CC_responsiblec-eps-converted-t
o.pdf>
(epstopdf)                    date: 2019-09-16 15:00:05
(epstopdf)                    size: 10404 bytes
(epstopdf)             Command: <repstopdf --outfile=Images_EPS/CC_responsiblec
-eps-converted-to.pdf Images_EPS/CC_responsiblec.eps>
(epstopdf)             \includegraphics on input line 355.
Package epstopdf Info: Output file is already uptodate.
<Images_EPS/CC_responsiblec-eps-converted-to.pdf, id=296, 334.24875pt x 171.641
25pt>
File: Images_EPS/CC_responsiblec-eps-converted-to.pdf Graphic file (type pdf)
<use Images_EPS/CC_responsiblec-eps-converted-to.pdf>
Package pdftex.def Info: Images_EPS/CC_responsiblec-eps-converted-to.pdf  used 
on input line 355.
(pdftex.def)             Requested size: 189.0pt x 97.05605pt.
Package epstopdf Info: Source file: <Images_EPS/CC_effects_nolegend.eps>
(epstopdf)                    date: 2019-09-16 12:53:23
(epstopdf)                    size: 59429 bytes
(epstopdf)             Output file: <Images_EPS/CC_effects_nolegend-eps-convert
ed-to.pdf>
(epstopdf)                    date: 2019-09-16 15:00:07
(epstopdf)                    size: 17037 bytes
(epstopdf)             Command: <repstopdf --outfile=Images_EPS/CC_effects_nole
gend-eps-converted-to.pdf Images_EPS/CC_effects_nolegend.eps>
(epstopdf)             \includegraphics on input line 362.
Package epstopdf Info: Output file is already uptodate.
<Images_EPS/CC_effects_nolegend-eps-converted-to.pdf, id=297, 505.89pt x 67.251
25pt>
File: Images_EPS/CC_effects_nolegend-eps-converted-to.pdf Graphic file (type pd
f)
<use Images_EPS/CC_effects_nolegend-eps-converted-to.pdf>
Package pdftex.def Info: Images_EPS/CC_effects_nolegend-eps-converted-to.pdf  u
sed on input line 362.
(pdftex.def)             Requested size: 252.0pt x 33.50034pt.
Package epstopdf Info: Source file: <Images_EPS/change_if_no.eps>
(epstopdf)                    date: 2019-09-16 12:53:22
(epstopdf)                    size: 123070 bytes
(epstopdf)             Output file: <Images_EPS/change_if_no-eps-converted-to.p
df>
(epstopdf)                    date: 2019-09-16 15:00:09
(epstopdf)                    size: 40168 bytes
(epstopdf)             Command: <repstopdf --outfile=Images_EPS/change_if_no-ep
s-converted-to.pdf Images_EPS/change_if_no.eps>
(epstopdf)             \includegraphics on input line 390.
Package epstopdf Info: Output file is already uptodate.
<Images_EPS/change_if_no-eps-converted-to.pdf, id=305, 416.55624pt x 226.8475pt
>
File: Images_EPS/change_if_no-eps-converted-to.pdf Graphic file (type pdf)
<use Images_EPS/change_if_no-eps-converted-to.pdf>
Package pdftex.def Info: Images_EPS/change_if_no-eps-converted-to.pdf  used on 
input line 390.
(pdftex.def)             Requested size: 252.0pt x 137.2345pt.
 [4 <./Images_EPS/CC_knowledge_valbtr-eps-converted-to.pdf> <./Images_EPS/CC_ta
rget_emission_nolegend-eps-converted-to.pdf> <./Images_EPS/CC_responsiblec-eps-
converted-to.pdf> <./Images_EPS/CC_effects_nolegend-eps-converted-to.pdf> <./Im
ages_EPS/change_if_no-eps-converted-to.pdf>]
Package epstopdf Info: Source file: <Images_EPS/approval_trim.eps>
(epstopdf)                    date: 2019-09-16 12:53:22
(epstopdf)                    size: 73674 bytes
(epstopdf)             Output file: <Images_EPS/approval_trim-eps-converted-to.
pdf>
(epstopdf)                    date: 2019-09-16 15:00:12
(epstopdf)                    size: 11345 bytes
(epstopdf)             Command: <repstopdf --outfile=Images_EPS/approval_trim-e
ps-converted-to.pdf Images_EPS/approval_trim.eps>
(epstopdf)             \includegraphics on input line 430.
Package epstopdf Info: Output file is already uptodate.
<Images_EPS/approval_trim-eps-converted-to.pdf, id=341, 482.80376pt x 69.25874p
t>
File: Images_EPS/approval_trim-eps-converted-to.pdf Graphic file (type pdf)
<use Images_EPS/approval_trim-eps-converted-to.pdf>
Package pdftex.def Info: Images_EPS/approval_trim-eps-converted-to.pdf  used on
 input line 430.
(pdftex.def)             Requested size: 252.0pt x 36.15001pt.
Package epstopdf Info: Source file: <Images_EPS/tax_winners_synchro.eps>
(epstopdf)                    date: 2019-09-16 12:53:23
(epstopdf)                    size: 81684 bytes
(epstopdf)             Output file: <Images_EPS/tax_winners_synchro-eps-convert
ed-to.pdf>
(epstopdf)                    date: 2019-09-16 15:00:14
(epstopdf)                    size: 14369 bytes
(epstopdf)             Command: <repstopdf --outfile=Images_EPS/tax_winners_syn
chro-eps-converted-to.pdf Images_EPS/tax_winners_synchro.eps>
(epstopdf)             \includegraphics on input line 462.
Package epstopdf Info: Output file is already uptodate.
<Images_EPS/tax_winners_synchro-eps-converted-to.pdf, id=357, 462.72874pt x 241
.90375pt>
File: Images_EPS/tax_winners_synchro-eps-converted-to.pdf Graphic file (type pd
f)
<use Images_EPS/tax_winners_synchro-eps-converted-to.pdf>
Package pdftex.def Info: Images_EPS/tax_winners_synchro-eps-converted-to.pdf  u
sed on input line 462.
(pdftex.def)             Requested size: 252.0pt x 131.7408pt.
Package epstopdf Info: Source file: <Images_EPS/tax_losers_synchro.eps>
(epstopdf)                    date: 2019-09-16 12:53:22
(epstopdf)                    size: 105053 bytes
(epstopdf)             Output file: <Images_EPS/tax_losers_synchro-eps-converte
d-to.pdf>
(epstopdf)                    date: 2019-09-16 15:00:16
(epstopdf)                    size: 14309 bytes
(epstopdf)             Command: <repstopdf --outfile=Images_EPS/tax_losers_sync
hro-eps-converted-to.pdf Images_EPS/tax_losers_synchro.eps>
(epstopdf)             \includegraphics on input line 468.
Package epstopdf Info: Output file is already uptodate.
<Images_EPS/tax_losers_synchro-eps-converted-to.pdf, id=358, 462.72874pt x 241.
90375pt>
File: Images_EPS/tax_losers_synchro-eps-converted-to.pdf Graphic file (type pdf
)
<use Images_EPS/tax_losers_synchro-eps-converted-to.pdf>
Package pdftex.def Info: Images_EPS/tax_losers_synchro-eps-converted-to.pdf  us
ed on input line 468.
(pdftex.def)             Requested size: 252.0pt x 131.7408pt.

[5 <./Images_EPS/approval_trim-eps-converted-to.pdf>]
Package epstopdf Info: Source file: <Images_EPS/CC_benefits_synchro.eps>
(epstopdf)                    date: 2019-09-16 12:53:22
(epstopdf)                    size: 120023 bytes
(epstopdf)             Output file: <Images_EPS/CC_benefits_synchro-eps-convert
ed-to.pdf>
(epstopdf)                    date: 2019-09-16 15:00:18
(epstopdf)                    size: 17700 bytes
(epstopdf)             Command: <repstopdf --outfile=Images_EPS/CC_benefits_syn
chro-eps-converted-to.pdf Images_EPS/CC_benefits_synchro.eps>
(epstopdf)             \includegraphics on input line 490.
Package epstopdf Info: Output file is already uptodate.
<Images_EPS/CC_benefits_synchro-eps-converted-to.pdf, id=395, 462.72874pt x 241
.90375pt>
File: Images_EPS/CC_benefits_synchro-eps-converted-to.pdf Graphic file (type pd
f)
<use Images_EPS/CC_benefits_synchro-eps-converted-to.pdf>
Package pdftex.def Info: Images_EPS/CC_benefits_synchro-eps-converted-to.pdf  u
sed on input line 490.
(pdftex.def)             Requested size: 252.0pt x 131.7408pt.
Package epstopdf Info: Source file: <Images_EPS/CC_problems_synchro.eps>
(epstopdf)                    date: 2019-09-16 12:53:22
(epstopdf)                    size: 148773 bytes
(epstopdf)             Output file: <Images_EPS/CC_problems_synchro-eps-convert
ed-to.pdf>
(epstopdf)                    date: 2019-09-16 15:00:21
(epstopdf)                    size: 16832 bytes
(epstopdf)             Command: <repstopdf --outfile=Images_EPS/CC_problems_syn
chro-eps-converted-to.pdf Images_EPS/CC_problems_synchro.eps>
(epstopdf)             \includegraphics on input line 496.
Package epstopdf Info: Output file is already uptodate.
<Images_EPS/CC_problems_synchro-eps-converted-to.pdf, id=396, 462.72874pt x 246
.9225pt>
File: Images_EPS/CC_problems_synchro-eps-converted-to.pdf Graphic file (type pd
f)
<use Images_EPS/CC_problems_synchro-eps-converted-to.pdf>
Package pdftex.def Info: Images_EPS/CC_problems_synchro-eps-converted-to.pdf  u
sed on input line 496.
(pdftex.def)             Requested size: 252.0pt x 134.474pt.
 [6 <./Images_EPS/tax_winners_synchro-eps-converted-to.pdf> <./Images_EPS/tax_l
osers_synchro-eps-converted-to.pdf> <./Images_EPS/CC_benefits_synchro-eps-conve
rted-to.pdf> <./Images_EPS/CC_problems_synchro-eps-converted-to.pdf>]
Package epstopdf Info: Source file: <Images_EPS/elasticities_agg_valb.eps>
(epstopdf)                    date: 2019-09-16 12:53:22
(epstopdf)                    size: 123674 bytes
(epstopdf)             Output file: <Images_EPS/elasticities_agg_valb-eps-conve
rted-to.pdf>
(epstopdf)                    date: 2019-09-16 15:00:23
(epstopdf)                    size: 24578 bytes
(epstopdf)             Command: <repstopdf --outfile=Images_EPS/elasticities_ag
g_valb-eps-converted-to.pdf Images_EPS/elasticities_agg_valb.eps>
(epstopdf)             \includegraphics on input line 517.
Package epstopdf Info: Output file is already uptodate.
<Images_EPS/elasticities_agg_valb-eps-converted-to.pdf, id=421, 470.75874pt x 1
03.38625pt>
File: Images_EPS/elasticities_agg_valb-eps-converted-to.pdf Graphic file (type 
pdf)
<use Images_EPS/elasticities_agg_valb-eps-converted-to.pdf>
Package pdftex.def Info: Images_EPS/elasticities_agg_valb-eps-converted-to.pdf 
 used on input line 517.
(pdftex.def)             Requested size: 252.0pt x 55.34343pt.
Package epstopdf Info: Source file: <Images_EPS/blank.eps>
(epstopdf)                    date: 2019-09-16 12:53:23
(epstopdf)                    size: 8884 bytes
(epstopdf)             Output file: <Images_EPS/blank-eps-converted-to.pdf>
(epstopdf)                    date: 2019-09-16 15:00:25
(epstopdf)                    size: 3888 bytes
(epstopdf)             Command: <repstopdf --outfile=Images_EPS/blank-eps-conve
rted-to.pdf Images_EPS/blank.eps>
(epstopdf)             \includegraphics on input line 518.
Package epstopdf Info: Output file is already uptodate.
<Images_EPS/blank-eps-converted-to.pdf, id=422, 642.4pt x 481.8pt>
File: Images_EPS/blank-eps-converted-to.pdf Graphic file (type pdf)
<use Images_EPS/blank-eps-converted-to.pdf>
Package pdftex.def Info: Images_EPS/blank-eps-converted-to.pdf  used on input l
ine 518.
(pdftex.def)             Requested size: 11.38037pt x 8.5359pt.
Package epstopdf Info: Source file: <Images_EPS/elasticities_perso_valbuena.eps
>
(epstopdf)                    date: 2019-09-16 12:53:22
(epstopdf)                    size: 123021 bytes
(epstopdf)             Output file: <Images_EPS/elasticities_perso_valbuena-eps
-converted-to.pdf>
(epstopdf)                    date: 2019-09-16 15:00:27
(epstopdf)                    size: 24859 bytes
(epstopdf)             Command: <repstopdf --outfile=Images_EPS/elasticities_pe
rso_valbuena-eps-converted-to.pdf Images_EPS/elasticities_perso_valbuena.eps>
(epstopdf)             \includegraphics on input line 519.
Package epstopdf Info: Output file is already uptodate.
<Images_EPS/elasticities_perso_valbuena-eps-converted-to.pdf, id=423, 456.70625
pt x 97.36375pt>
File: Images_EPS/elasticities_perso_valbuena-eps-converted-to.pdf Graphic file 
(type pdf)
<use Images_EPS/elasticities_perso_valbuena-eps-converted-to.pdf>
Package pdftex.def Info: Images_EPS/elasticities_perso_valbuena-eps-converted-t
o.pdf  used on input line 519.
(pdftex.def)             Requested size: 252.0pt x 53.72255pt.
Package epstopdf Info: Source file: <Images_EPS/transports_use_trim.eps>
(epstopdf)                    date: 2019-09-16 12:53:23
(epstopdf)                    size: 149616 bytes
(epstopdf)             Output file: <Images_EPS/transports_use_trim-eps-convert
ed-to.pdf>
(epstopdf)                    date: 2019-09-16 15:00:29
(epstopdf)                    size: 25865 bytes
(epstopdf)             Command: <repstopdf --outfile=Images_EPS/transports_use_
trim-eps-converted-to.pdf Images_EPS/transports_use_trim.eps>
(epstopdf)             \includegraphics on input line 526.
Package epstopdf Info: Output file is already uptodate.
<Images_EPS/transports_use_trim-eps-converted-to.pdf, id=424, 471.7625pt x 139.
52126pt>
File: Images_EPS/transports_use_trim-eps-converted-to.pdf Graphic file (type pd
f)
<use Images_EPS/transports_use_trim-eps-converted-to.pdf>
Package pdftex.def Info: Images_EPS/transports_use_trim-eps-converted-to.pdf  u
sed on input line 526.
(pdftex.def)             Requested size: 252.0pt x 74.52922pt.
Package epstopdf Info: Source file: <Images_EPS/transports_distance_trim.eps>
(epstopdf)                    date: 2019-09-16 12:53:23
(epstopdf)                    size: 85342 bytes
(epstopdf)             Output file: <Images_EPS/transports_distance_trim-eps-co
nverted-to.pdf>
(epstopdf)                    date: 2019-09-16 15:00:31
(epstopdf)                    size: 8000 bytes
(epstopdf)             Command: <repstopdf --outfile=Images_EPS/transports_dist
ance_trim-eps-converted-to.pdf Images_EPS/transports_distance_trim.eps>
(epstopdf)             \includegraphics on input line 546.
Package epstopdf Info: Output file is already uptodate.
<Images_EPS/transports_distance_trim-eps-converted-to.pdf, id=436, 482.80376pt 
x 76.285pt>
File: Images_EPS/transports_distance_trim-eps-converted-to.pdf Graphic file (ty
pe pdf)
<use Images_EPS/transports_distance_trim-eps-converted-to.pdf>
Package pdftex.def Info: Images_EPS/transports_distance_trim-eps-converted-to.p
df  used on input line 546.
(pdftex.def)             Requested size: 252.0pt x 39.81741pt.
Package epstopdf Info: Source file: <Images_EPS/transports_frequency_trim.eps>
(epstopdf)                    date: 2019-09-16 12:53:23
(epstopdf)                    size: 75757 bytes
(epstopdf)             Output file: <Images_EPS/transports_frequency_trim-eps-c
onverted-to.pdf>
(epstopdf)                    date: 2019-09-16 15:00:33
(epstopdf)                    size: 15403 bytes
(epstopdf)             Command: <repstopdf --outfile=Images_EPS/transports_freq
uency_trim-eps-converted-to.pdf Images_EPS/transports_frequency_trim.eps>
(epstopdf)             \includegraphics on input line 553.
Package epstopdf Info: Output file is already uptodate.
<Images_EPS/transports_frequency_trim-eps-converted-to.pdf, id=437, 512.91624pt
 x 71.26625pt>
File: Images_EPS/transports_frequency_trim-eps-converted-to.pdf Graphic file (t
ype pdf)
<use Images_EPS/transports_frequency_trim-eps-converted-to.pdf>
Package pdftex.def Info: Images_EPS/transports_frequency_trim-eps-converted-to.
pdf  used on input line 553.
(pdftex.def)             Requested size: 252.0pt x 35.01427pt.
Package epstopdf Info: Source file: <Images_EPS/transports_work.eps>
(epstopdf)                    date: 2019-09-16 12:53:23
(epstopdf)                    size: 105354 bytes
(epstopdf)             Output file: <Images_EPS/transports_work-eps-converted-t
o.pdf>
(epstopdf)                    date: 2019-09-16 15:00:36
(epstopdf)                    size: 21460 bytes
(epstopdf)             Command: <repstopdf --outfile=Images_EPS/transports_work
-eps-converted-to.pdf Images_EPS/transports_work.eps>
(epstopdf)             \includegraphics on input line 560.
Package epstopdf Info: Output file is already uptodate.
<Images_EPS/transports_work-eps-converted-to.pdf, id=438, 431.6125pt x 103.3862
5pt>
File: Images_EPS/transports_work-eps-converted-to.pdf Graphic file (type pdf)
<use Images_EPS/transports_work-eps-converted-to.pdf>
Package pdftex.def Info: Images_EPS/transports_work-eps-converted-to.pdf  used 
on input line 560.
(pdftex.def)             Requested size: 252.0pt x 60.36159pt.
Package epstopdf Info: Source file: <Images_EPS/transports_opinion_trim.eps>
(epstopdf)                    date: 2019-09-16 12:53:23
(epstopdf)                    size: 33867 bytes
(epstopdf)             Output file: <Images_EPS/transports_opinion_trim-eps-con
verted-to.pdf>
(epstopdf)                    date: 2019-09-16 15:00:38
(epstopdf)                    size: 32572 bytes
(epstopdf)             Command: <repstopdf --outfile=Images_EPS/transports_opin
ion_trim-eps-converted-to.pdf Images_EPS/transports_opinion_trim.eps>
(epstopdf)             \includegraphics on input line 567.
Package epstopdf Info: Output file is already uptodate.
<Images_EPS/transports_opinion_trim-eps-converted-to.pdf, id=439, 513.92pt x 97
.36375pt>
File: Images_EPS/transports_opinion_trim-eps-converted-to.pdf Graphic file (typ
e pdf)
<use Images_EPS/transports_opinion_trim-eps-converted-to.pdf>
Package pdftex.def Info: Images_EPS/transports_opinion_trim-eps-converted-to.pd
f  used on input line 567.
(pdftex.def)             Requested size: 252.0pt x 47.74281pt.
 [7 <./Images_EPS/elasticities_agg_valb-eps-converted-to.pdf> <./Images_EPS/bla
nk-eps-converted-to.pdf> <./Images_EPS/elasticities_perso_valbuena-eps-converte
d-to.pdf> <./Images_EPS/transports_use_trim-eps-converted-to.pdf> <./Images_EPS
/transports_distance_trim-eps-converted-to.pdf> <./Images_EPS/transports_freque
ncy_trim-eps-converted-to.pdf> <./Images_EPS/transports_work-eps-converted-to.p
df> <./Images_EPS/transports_opinion_trim-eps-converted-to.pdf>]
Package epstopdf Info: Source file: <Images_EPS/tax_condition_valc.eps>
(epstopdf)                    date: 2019-09-16 12:53:22
(epstopdf)                    size: 287288 bytes
(epstopdf)             Output file: <Images_EPS/tax_condition_valc-eps-converte
d-to.pdf>
(epstopdf)                    date: 2019-09-16 15:00:40
(epstopdf)                    size: 74574 bytes
(epstopdf)             Command: <repstopdf --outfile=Images_EPS/tax_condition_v
alc-eps-converted-to.pdf Images_EPS/tax_condition_valc.eps>
(epstopdf)             \includegraphics on input line 609.
Package epstopdf Info: Output file is already uptodate.
<Images_EPS/tax_condition_valc-eps-converted-to.pdf, id=504, 457.71pt x 315.177
5pt>
File: Images_EPS/tax_condition_valc-eps-converted-to.pdf Graphic file (type pdf
)
<use Images_EPS/tax_condition_valc-eps-converted-to.pdf>
Package pdftex.def Info: Images_EPS/tax_condition_valc-eps-converted-to.pdf  us
ed on input line 609.
(pdftex.def)             Requested size: 252.0pt x 173.5261pt.
Package epstopdf Info: Source file: <Images_EPS/environmental_policies.eps>
(epstopdf)                    date: 2019-09-16 12:53:22
(epstopdf)                    size: 222665 bytes
(epstopdf)             Output file: <Images_EPS/environmental_policies-eps-conv
erted-to.pdf>
(epstopdf)                    date: 2019-09-16 15:00:42
(epstopdf)                    size: 30374 bytes
(epstopdf)             Command: <repstopdf --outfile=Images_EPS/environmental_p
olicies-eps-converted-to.pdf Images_EPS/environmental_policies.eps>
(epstopdf)             \includegraphics on input line 629.
Package epstopdf Info: Output file is already uptodate.
<Images_EPS/environmental_policies-eps-converted-to.pdf, id=513, 474.77374pt x 
247.92625pt>
File: Images_EPS/environmental_policies-eps-converted-to.pdf Graphic file (type
 pdf)
<use Images_EPS/environmental_policies-eps-converted-to.pdf>
Package pdftex.def Info: Images_EPS/environmental_policies-eps-converted-to.pdf
  used on input line 629.
(pdftex.def)             Requested size: 252.0pt x 131.59322pt.
 [8 <./Images_EPS/tax_condition_valc-eps-converted-to.pdf>]
Package epstopdf Info: Source file: <Images_EPS/diesel_catch_up_trim.eps>
(epstopdf)                    date: 2019-09-16 12:53:22
(epstopdf)                    size: 79182 bytes
(epstopdf)             Output file: <Images_EPS/diesel_catch_up_trim-eps-conver
ted-to.pdf>
(epstopdf)                    date: 2019-09-16 15:00:44
(epstopdf)                    size: 6347 bytes
(epstopdf)             Command: <repstopdf --outfile=Images_EPS/diesel_catch_up
_trim-eps-converted-to.pdf Images_EPS/diesel_catch_up_trim.eps>
(epstopdf)             \includegraphics on input line 675.
Package epstopdf Info: Output file is already uptodate.
<Images_EPS/diesel_catch_up_trim-eps-converted-to.pdf, id=547, 488.82625pt x 76
.285pt>
File: Images_EPS/diesel_catch_up_trim-eps-converted-to.pdf Graphic file (type p
df)
<use Images_EPS/diesel_catch_up_trim-eps-converted-to.pdf>
Package pdftex.def Info: Images_EPS/diesel_catch_up_trim-eps-converted-to.pdf  
used on input line 675.
(pdftex.def)             Requested size: 226.79846pt x 35.39417pt.
 [9 <./Images_EPS/environmental_policies-eps-converted-to.pdf> <./Images_EPS/di
esel_catch_up_trim-eps-converted-to.pdf>]

LaTeX Warning: Float too large for page by 15.23969pt on input line 799.

[10] [11]
Package epstopdf Info: Source file: <Images_EPS/correlation_matrix2.eps>
(epstopdf)                    date: 2019-09-16 12:53:22
(epstopdf)                    size: 65913 bytes
(epstopdf)             Output file: <Images_EPS/correlation_matrix2-eps-convert
ed-to.pdf>
(epstopdf)                    date: 2019-09-16 15:00:47
(epstopdf)                    size: 64612 bytes
(epstopdf)             Command: <repstopdf --outfile=Images_EPS/correlation_mat
rix2-eps-converted-to.pdf Images_EPS/correlation_matrix2.eps>
(epstopdf)             \includegraphics on input line 824.
Package epstopdf Info: Output file is already uptodate.
<Images_EPS/correlation_matrix2-eps-converted-to.pdf, id=639, 333.245pt x 300.1
2125pt>
File: Images_EPS/correlation_matrix2-eps-converted-to.pdf Graphic file (type pd
f)
<use Images_EPS/correlation_matrix2-eps-converted-to.pdf>
Package pdftex.def Info: Images_EPS/correlation_matrix2-eps-converted-to.pdf  u
sed on input line 824.
(pdftex.def)             Requested size: 239.39923pt x 215.60628pt.
 [12 <./Images_EPS/correlation_matrix2-eps-converted-to.pdf>] [13]
[14]
Underfull \hbox (badness 1810) in paragraph at lines 986--987
 []\T1/cmr/m/it/10 Acknowledgments. \T1/cmr/m/n/10 We are grate-ful to Mouez Fo
dha,
 []

(./main-stripped.bbl [15] [16])
Underfull \hbox (badness 3872) in paragraph at lines 1133--1134
[]\T1/cmr/m/n/10 French consumption-based yearly GhG emis-sions
 []

[17]
Underfull \hbox (badness 10000) in paragraph at lines 1225--1226
 []\T1/cmr/bx/n/10 Socio-demographics:[] |   []   |   []
 []


Underfull \hbox (badness 10000) in paragraph at lines 1227--1228
 []\T1/cmr/bx/n/10 Political ori-en-ta-tion:[] |   []   |   []
 []


Underfull \hbox (badness 8170) in paragraph at lines 1235--1236
|   []   |   []   |   []   |   []   |   []
 []


Underfull \hbox (badness 10000) in paragraph at lines 1258--1261
|   []   |   []   |   []   |   []
 []


Underfull \hbox (badness 10000) in paragraph at lines 1261--1265
|   []   |   []   |   []   |   []
 []


Underfull \hbox (badness 10000) in paragraph at lines 1261--1265
|   []   |   []   |   []   |   []
 []


Underfull \hbox (badness 1997) in paragraph at lines 1265--1271
|   []   |   []   |   []   |   []   |   []   |   []   |   []   |   []
 []


Underfull \hbox (badness 1831) in paragraph at lines 1265--1271
|   []   |   []   |   []   |   []   |   []   |   []
 []

[18]
Underfull \hbox (badness 10000) in paragraph at lines 1349--1353

 []

[19]
Underfull \hbox (badness 3780) in paragraph at lines 1383--1390
|   []   |   []   |   []   |   []   |   []   |   []
 []


Underfull \hbox (badness 2173) in paragraph at lines 1383--1390
|   []   |   []   |   []   |   []   |   []   |   []   |   []
 []

[20]
Underfull \hbox (badness 10000) in paragraph at lines 1473--1480

 []


Underfull \hbox (badness 1755) in paragraph at lines 1473--1480
\T1/cmr/m/n/10 In your opin-ion, how much must this fig-ure be
 []


Underfull \hbox (badness 5050) in paragraph at lines 1483--1487
|   []   |   []   |   []   |   []   |   []   |   []   |   []   |   []   |   [] 
  |   []
 []


Underfull \hbox (badness 4156) in paragraph at lines 1537--1541
|   []   |   []   |   []   |   []   |   []   |   []
 []

Package atveryend Info: Empty hook `BeforeClearDocument' on input line 1666.
[21] [22]
Package atveryend Info: Empty hook `AfterLastShipout' on input line 1666.
 (./main-stripped.aux)
Package atveryend Info: Executing hook `AtVeryEndDocument' on input line 1666.
Package atveryend Info: Executing hook `AtEndAfterFileList' on input line 1666.

Package rerunfilecheck Info: File `main-stripped.out' has not changed.
(rerunfilecheck)             Checksum: ED5231273870D14D134A30C67480D699;1996.


LaTeX Warning: Label(s) may have changed. Rerun to get cross-references right.

Package atveryend Info: Empty hook `AtVeryVeryEnd' on input line 1666.
 ) 
Here is how much of TeX's memory you used:
 11413 strings out of 492609
 171375 string characters out of 6132819
 324789 words of memory out of 5000000
 14851 multiletter control sequences out of 15000+600000
 20979 words of font info for 55 fonts, out of 8000000 for 9000
 1141 hyphenation exceptions out of 8191
 42i,13n,43p,2422b,583s stack positions out of 5000i,500n,10000p,200000b,80000s
pdfTeX warning (dest): name{Hfootnote.13} has been referenced but does not ex
ist, replaced by a fixed one

pdfTeX warning (dest): name{Hfootnote.12} has been referenced but does not exis
t, replaced by a fixed one

pdfTeX warning (dest): name{Hfootnote.11} has been referenced but does not exis
t, replaced by a fixed one

pdfTeX warning (dest): name{Hfootnote.10} has been referenced but does not exis
t, replaced by a fixed one

pdfTeX warning (dest): name{Hfootnote.9} has been referenced but does not exist
, replaced by a fixed one

pdfTeX warning (dest): name{Hfootnote.8} has been referenced but does not exist
, replaced by a fixed one

pdfTeX warning (dest): name{Hfootnote.7} has been referenced but does not exist
, replaced by a fixed one

pdfTeX warning (dest): name{Hfootnote.6} has been referenced but does not exist
, replaced by a fixed one

pdfTeX warning (dest): name{Hfootnote.5} has been referenced but does not exist
, replaced by a fixed one

pdfTeX warning (dest): name{Hfootnote.4} has been referenced but does not exist
, replaced by a fixed one

pdfTeX warning (dest): name{Hfootnote.3} has been referenced but does not exist
, replaced by a fixed one

pdfTeX warning (dest): name{Hfootnote.2} has been referenced but does not exist
, replaced by a fixed one

pdfTeX warning (dest): name{Hfootnote.1} has been referenced but does not exist
, replaced by a fixed one

{c:/texlive/2019/texmf-dist/fonts/enc/dvips/cm-super/cm-super-t1.enc}{c:/texliv
e/2019/texmf-dist/fonts/enc/dvips/cm-super/cm-super-ts1.enc}<c:/texlive/2019/te
xmf-dist/fonts/type1/public/amsfonts/cm/cmex10.pfb><c:/texlive/2019/texmf-dist/
fonts/type1/public/amsfonts/cm/cmmi10.pfb><c:/texlive/2019/texmf-dist/fonts/typ
e1/public/amsfonts/cm/cmmi7.pfb><c:/texlive/2019/texmf-dist/fonts/type1/public/
amsfonts/cm/cmr10.pfb><c:/texlive/2019/texmf-dist/fonts/type1/public/amsfonts/c
m/cmr7.pfb><c:/texlive/2019/texmf-dist/fonts/type1/public/amsfonts/cm/cmsy10.pf
b><c:/texlive/2019/texmf-dist/fonts/type1/public/amsfonts/cm/cmsy6.pfb><c:/texl
ive/2019/texmf-dist/fonts/type1/public/amsfonts/cm/cmsy7.pfb><c:/texlive/2019/t
exmf-dist/fonts/type1/public/amsfonts/cm/cmsy8.pfb><c:/texlive/2019/texmf-dist/
fonts/type1/public/eurosym/feymr10.pfb><c:/texlive/2019/texmf-dist/fonts/type1/
public/amsfonts/symbols/msam10.pfb><c:/texlive/2019/texmf-dist/fonts/type1/publ
ic/cm-super/sfbx1000.pfb><c:/texlive/2019/texmf-dist/fonts/type1/public/cm-supe
r/sfbx2074.pfb><c:/texlive/2019/texmf-dist/fonts/type1/public/cm-super/sfcc0800
.pfb><c:/texlive/2019/texmf-dist/fonts/type1/public/cm-super/sfrm0600.pfb><c:/t
exlive/2019/texmf-dist/fonts/type1/public/cm-super/sfrm0700.pfb><c:/texlive/201
9/texmf-dist/fonts/type1/public/cm-super/sfrm0800.pfb><c:/texlive/2019/texmf-di
st/fonts/type1/public/cm-super/sfrm1000.pfb><c:/texlive/2019/texmf-dist/fonts/t
ype1/public/cm-super/sfrm1440.pfb><c:/texlive/2019/texmf-dist/fonts/type1/publi
c/cm-super/sfti0600.pfb><c:/texlive/2019/texmf-dist/fonts/type1/public/cm-super
/sfti0800.pfb><c:/texlive/2019/texmf-dist/fonts/type1/public/cm-super/sfti1000.
pfb><c:/texlive/2019/texmf-dist/fonts/type1/public/cm-super/sftt0800.pfb>
Output written on main-stripped.pdf (22 pages, 996176 bytes).
PDF statistics:
 1029 PDF objects out of 1200 (max. 8388607)
 924 compressed objects within 10 object streams
 277 named destinations out of 1000 (max. 500000)
 361 words of extra memory for PDF output out of 10000 (max. 10000000)

